<?xml version="1.0" encoding="UTF-8"?>
<!-- Generated by org.testng.reporters.JUnitReportReporter -->
<testsuite hostname="HYDL-001375A" failures="0" tests="1" name="com.OrangeHRM.execution.MyTestClass" time="0.009" errors="0" timestamp="2024-03-13T17:41:23 IST" skipped="0">
  <testcase classname="com.OrangeHRM.execution.MyTestClass" name="testMethodToBeSkipped" time="0.009"/>
  <system-out/>
</testsuite> <!-- com.OrangeHRM.execution.MyTestClass -->
