<?xml version="1.0" encoding="UTF-8"?>
<!-- Generated by org.testng.reporters.JUnitReportReporter -->
<testsuite hostname="HYDL-001375A" failures="0" tests="1" name="com.openmrs.execution.registration" time="39.962" errors="0" timestamp="2024-03-13T21:26:03 IST" skipped="0">
  <testcase classname="com.openmrs.execution.registration" name="register" time="39.962"/>
  <system-out/>
</testsuite> <!-- com.openmrs.execution.registration -->
